{"time": "2024-12-05 23:39:09,282", "level": "INFO", "message": "Processamento de 0.45 segundos.", "module": "app"}
{"time": "2024-12-05 23:39:09,674", "level": "INFO", "message": "Processamento de 0.39 segundos.", "module": "app"}
{"time": "2024-12-05 23:39:12,605", "level": "INFO", "message": "Processamento de 0.45 segundos.", "module": "app"}
{"time": "2024-12-05 23:39:12,811", "level": "INFO", "message": "Processamento de 0.44 segundos.", "module": "app"}
{"time": "2024-12-05 23:39:12,974", "level": "INFO", "message": "Processamento de 0.47 segundos.", "module": "app"}
{"time": "2024-12-05 23:39:12,990", "level": "INFO", "message": "Processamento de 0.38 segundos.", "module": "app"}
{"time": "2024-12-05 23:39:13,090", "level": "INFO", "message": "Processamento de 0.35 segundos.", "module": "app"}
{"time": "2024-12-05 23:39:17,693", "level": "INFO", "message": "Login processado em 0.23 segundos.", "module": "app"}
{"time": "2024-12-05 23:39:21,156", "level": "ERROR", "message": "Erro simulado no endpoint /error", "module": "app"}
{"time": "2024-12-05 23:39:23,866", "level": "INFO", "message": "Dados recuperados em 0.30 segundos.", "module": "app"}
{"time": "2024-12-05 23:39:26,775", "level": "INFO", "message": "Dados recuperados em 0.48 segundos.", "module": "app"}
{"time": "2024-12-05 23:39:31,241", "level": "INFO", "message": "Requisição para /item/1 processada.", "module": "app"}
{"time": "2024-12-05 23:39:35,010", "level": "INFO", "message": "Requisição para /item/100 processada.", "module": "app"}
{"time": "2024-12-05 23:39:38,035", "level": "INFO", "message": "Requisição para /item/10000 processada.", "module": "app"}
{"time": "2024-12-05 23:39:42,577", "level": "INFO", "message": "Requisição para /item/10000000 processada.", "module": "app"}
{"time": "2024-12-05 23:39:45,805", "level": "INFO", "message": "Requisição para /item/1000000000000 processada.", "module": "app"}
{"time": "2024-12-05 23:39:49,246", "level": "INFO", "message": "Requisição para /item/100000000000000 processada.", "module": "app"}
{"time": "2024-12-05 23:39:53,380", "level": "ERROR", "message": "Erro simulado no endpoint /error", "module": "app"}
{"time": "2024-12-05 23:40:08,305", "level": "INFO", "message": "Processamento concluído em 0.19 segundos.", "module": "app"}
{"time": "2024-12-05 23:40:09,867", "level": "INFO", "message": "Processamento concluído em 0.36 segundos.", "module": "app"}
